<?xml version="1.0" encoding="UTF-8"?>
<!-- Generated by org.testng.reporters.JUnitXMLReporter -->
<testsuite hostname="DESKTOP-QJKO3QE" ignored="1" name="grouptest" tests="2" failures="1" timestamp="28 十二月 2017 14:23:12 GMT" time="0.023" errors="0">
  <testcase name="testPrintMessage" time="0.007" classname="com.vincent.ttestng.GroupTest"/>
  <testcase name="testingExitMessage" time="0.002" classname="com.vincent.ttestng.GroupTest">
    <failure type="java.lang.AssertionError" message="expected [www..com] but found [www.tutorialspoint.com]">
      <![CDATA[java.lang.AssertionError: expected [www..com] but found [www.tutorialspoint.com]
	at com.vincent.ttestng.GroupTest.testingExitMessage(GroupTest.java:47)
... Removed 31 stack frames]]>
    </failure>
  </testcase> <!-- testingExitMessage -->
  <testcase name="testSalutationMessage" time="0.0" classname="com.vincent.ttestng.GroupTest">
    <ignored/>
  </testcase> <!-- testSalutationMessage -->
</testsuite> <!-- grouptest -->
